{"level":"info"}
{"level":"info","message":"request - >> GET http://127.0.0.1:7777/"}
{"level":"info","message":"response - << 200 http://127.0.0.1:7777/"}
{"level":"info","message":"request - >> GET http://127.0.0.1:7777/styles.css"}
{"level":"info","message":"request - >> GET http://127.0.0.1:7777/runtime.js"}
{"level":"info","message":"request - >> GET http://127.0.0.1:7777/polyfills.js"}
{"level":"info","message":"request - >> GET http://127.0.0.1:7777/styles.js"}
{"level":"info","message":"request - >> GET http://127.0.0.1:7777/vendor.js"}
{"level":"info","message":"request - >> GET http://127.0.0.1:7777/main.js"}
{"level":"info","message":"response - << 200 http://127.0.0.1:7777/styles.css"}
{"level":"info","message":"request - >> GET https://fonts.googleapis.com/css?family=Lato:400,700,400italic,700italic&subset=latin"}
{"level":"info","message":"response - << 200 http://127.0.0.1:7777/runtime.js"}
{"level":"info","message":"response - << 200 http://127.0.0.1:7777/polyfills.js"}
{"level":"info","message":"response - << 200 http://127.0.0.1:7777/vendor.js"}
{"level":"info","message":"response - << 200 http://127.0.0.1:7777/main.js"}
{"level":"info","message":"response - << 200 http://127.0.0.1:7777/styles.js"}
{"level":"info","message":"response - << 200 https://fonts.googleapis.com/css?family=Lato:400,700,400italic,700italic&subset=latin"}
{"level":"info","message":"request - >> GET http://localhost:8888/apod?_sort=date&_order=desc&_page=1&_limit=12"}
{"level":"info","message":"request - >> GET http://127.0.0.1:7777/font.woff"}
{"level":"info","message":"request - >> GET https://fonts.gstatic.com/s/lato/v24/S6uyw4BMUTPHjx4wXg.woff2"}
{"level":"info","message":"request - >> GET http://127.0.0.1:7777/icons.woff2"}
{"level":"info","message":"WebSocket opened: ws://127.0.0.1:7777/ng-cli-ws"}
{"level":"info","message":"WSS - response >> {\"type\":\"liveReload\"}"}
{"level":"info","message":"WSS - response >> {\"type\":\"reconnect\",\"data\":10}"}
{"level":"info","message":"WSS - response >> {\"type\":\"overlay\",\"data\":{\"errors\":true,\"warnings\":false}}"}
{"level":"info","message":"WSS - response >> {\"type\":\"hash\",\"data\":\"7bc82e1c15126e60\"}"}
{"level":"info","message":"WSS - response >> {\"type\":\"ok\"}"}
{"level":"info","message":"response - << 200 http://127.0.0.1:7777/icons.woff2"}
{"level":"info","message":"response - << 200 http://127.0.0.1:7777/font.woff"}
{"level":"info","message":"response - << 200 https://fonts.gstatic.com/s/lato/v24/S6uyw4BMUTPHjx4wXg.woff2"}
{"level":"info","message":"response - << 200 http://localhost:8888/apod?_sort=date&_order=desc&_page=1&_limit=12"}
{"level":"info","message":"request - >> GET https://fonts.gstatic.com/s/lato/v24/S6u9w4BMUTPHh6UVSwiPGQ.woff2"}
{"level":"info","message":"request - >> GET https://www.youtube.com/embed/zIqG42AD4Gw?rel=0"}
{"level":"info","message":"request - >> GET https://www.youtube.com/embed/YEXuGgRCyS0?rel=0"}
{"level":"info","message":"request - >> GET https://www.youtube.com/embed/zIqG42AD4Gw?rel=0"}
{"level":"info","message":"request - >> GET https://www.youtube.com/embed/YEXuGgRCyS0?rel=0"}
{"level":"info","message":"request - >> GET https://apod.nasa.gov/apod/image/2306/SunPath_Pace_960_annotated.jpg"}
{"level":"info","message":"request - >> GET https://apod.nasa.gov/apod/image/2306/NanduMilkyWay_Bouvier_1080.jpg"}
{"level":"info","message":"request - >> GET https://apod.nasa.gov/apod/image/2306/LagoonCenter_HubblePobes_960.jpg"}
{"level":"info","message":"request - >> GET https://apod.nasa.gov/apod/image/2306/NorthSaturn_Cassini_960.jpg"}
{"level":"info","message":"request - >> GET https://apod.nasa.gov/apod/image/2306/baltic-sea-timelapse-image600.jpg"}
{"level":"info","message":"request - >> GET https://apod.nasa.gov/apod/image/2306/M15-3_1024.jpg"}
{"level":"info","message":"request - >> GET https://apod.nasa.gov/apod/image/2306/Shark_Kennedy_960.jpg"}
{"level":"info","message":"request - >> GET https://apod.nasa.gov/apod/image/2306/IssMoon_Yang_960.jpg"}
{"level":"info","message":"request - >> GET https://apod.nasa.gov/apod/image/2306/sunspectrum_mpso_960.jpg"}
{"level":"info","message":"request - >> GET https://apod.nasa.gov/apod/image/2306/Marte-M44_230603_800.jpg"}
{"level":"info","message":"response - << 200 https://fonts.gstatic.com/s/lato/v24/S6u9w4BMUTPHh6UVSwiPGQ.woff2"}
{"level":"info","message":"response - << 200 https://www.youtube.com/embed/zIqG42AD4Gw?rel=0"}
{"level":"info","message":"response - << 200 https://www.youtube.com/embed/YEXuGgRCyS0?rel=0"}
{"level":"info","message":"request - >> GET https://www.youtube.com/s/player/6ed0d907/www-player.css"}
{"level":"info","message":"request - >> GET https://www.youtube.com/s/player/6ed0d907/www-embed-player.vflset/www-embed-player.js"}
{"level":"info","message":"request - >> GET https://www.youtube.com/s/player/6ed0d907/player_ias.vflset/en_US/base.js"}
{"level":"info","message":"request - >> GET https://www.youtube.com/s/player/6ed0d907/fetch-polyfill.vflset/fetch-polyfill.js"}
{"level":"info","message":"request - >> GET https://fonts.gstatic.com/s/roboto/v18/KFOmCnqEu92Fr1Mu4mxK.woff2"}
{"level":"info","message":"request - >> GET https://fonts.gstatic.com/s/roboto/v18/KFOlCnqEu92Fr1MmEU9fBBc4.woff2"}
{"level":"info","message":"request - >> GET https://www.youtube.com/s/player/6ed0d907/www-player.css"}
{"level":"info","message":"request - >> GET https://www.youtube.com/s/player/6ed0d907/www-embed-player.vflset/www-embed-player.js"}
{"level":"info","message":"request - >> GET https://www.youtube.com/s/player/6ed0d907/player_ias.vflset/en_US/base.js"}
{"level":"info","message":"request - >> GET https://www.youtube.com/s/player/6ed0d907/fetch-polyfill.vflset/fetch-polyfill.js"}
{"level":"info","message":"response - << 200 https://www.youtube.com/s/player/6ed0d907/www-player.css"}
{"level":"info","message":"response - << 200 https://www.youtube.com/s/player/6ed0d907/fetch-polyfill.vflset/fetch-polyfill.js"}
{"level":"info","message":"response - << 200 https://www.youtube.com/s/player/6ed0d907/player_ias.vflset/en_US/base.js"}
{"level":"info","message":"response - << 200 https://www.youtube.com/s/player/6ed0d907/www-embed-player.vflset/www-embed-player.js"}
{"level":"info","message":"request - >> GET https://fonts.gstatic.com/s/roboto/v18/KFOmCnqEu92Fr1Mu4mxK.woff2"}
{"level":"info","message":"request - >> GET https://fonts.gstatic.com/s/roboto/v18/KFOlCnqEu92Fr1MmEU9fBBc4.woff2"}
{"level":"info","message":"response - << 200 https://www.youtube.com/s/player/6ed0d907/www-player.css"}
{"level":"info","message":"response - << 200 https://www.youtube.com/s/player/6ed0d907/www-embed-player.vflset/www-embed-player.js"}
{"level":"info","message":"response - << 200 https://fonts.gstatic.com/s/roboto/v18/KFOmCnqEu92Fr1Mu4mxK.woff2"}
{"level":"info","message":"response - << 200 https://fonts.gstatic.com/s/roboto/v18/KFOlCnqEu92Fr1MmEU9fBBc4.woff2"}
{"level":"info","message":"response - << 200 https://apod.nasa.gov/apod/image/2306/SunPath_Pace_960_annotated.jpg"}
{"level":"info","message":"response - << 200 https://apod.nasa.gov/apod/image/2306/NanduMilkyWay_Bouvier_1080.jpg"}
{"level":"info","message":"response - << 200 https://apod.nasa.gov/apod/image/2306/LagoonCenter_HubblePobes_960.jpg"}
{"level":"info","message":"response - << 200 https://fonts.gstatic.com/s/roboto/v18/KFOmCnqEu92Fr1Mu4mxK.woff2"}
{"level":"info","message":"response - << 200 https://fonts.gstatic.com/s/roboto/v18/KFOlCnqEu92Fr1MmEU9fBBc4.woff2"}
{"level":"info","message":"response - << 200 https://apod.nasa.gov/apod/image/2306/baltic-sea-timelapse-image600.jpg"}
{"level":"info","message":"response - << 200 https://apod.nasa.gov/apod/image/2306/NorthSaturn_Cassini_960.jpg"}
{"level":"info","message":"response - << 200 https://apod.nasa.gov/apod/image/2306/M15-3_1024.jpg"}
{"level":"info","message":"response - << 200 https://www.youtube.com/s/player/6ed0d907/player_ias.vflset/en_US/base.js"}
{"level":"info","message":"response - << 200 https://www.youtube.com/s/player/6ed0d907/fetch-polyfill.vflset/fetch-polyfill.js"}
{"level":"info","message":"response - << 200 https://apod.nasa.gov/apod/image/2306/Shark_Kennedy_960.jpg"}
{"level":"info","message":"response - << 200 https://apod.nasa.gov/apod/image/2306/IssMoon_Yang_960.jpg"}
{"level":"info","message":"response - << 200 https://apod.nasa.gov/apod/image/2306/sunspectrum_mpso_960.jpg"}
{"level":"info","message":"response - << 200 https://apod.nasa.gov/apod/image/2306/Marte-M44_230603_800.jpg"}
{"level":"info","message":"request - >> GET https://googleads.g.doubleclick.net/pagead/id"}
{"level":"info","message":"request - >> GET https://static.doubleclick.net/instream/ad_status.js"}
{"level":"info","message":"request - >> POST https://jnn-pa.googleapis.com/$rpc/google.internal.waa.v1.Waa/Create"}
{"level":"info","message":"request - >> GET https://www.youtube.com/s/player/6ed0d907/player_ias.vflset/en_US/remote.js"}
{"level":"info","message":"request - >> GET https://www.google.com/js/th/kIU7Dnjt7cuOEQgpBtbUVnmdXpyYzgDR0B1Wt-nxWZk.js"}
{"level":"info","message":"request - >> GET https://i.ytimg.com/vi_webp/zIqG42AD4Gw/sddefault.webp"}
{"level":"info","message":"request - >> GET https://www.youtube.com/s/player/6ed0d907/player_ias.vflset/en_US/embed.js"}
{"level":"info","message":"request - >> GET https://yt3.ggpht.com/ytc/AGIKgqOOgsJ8zPmcb7lrVfn5qcUTk94wNnpukyTp6BvL=s68-c-k-c0x00ffffff-no-rj"}
{"level":"info","message":"response - << 302 https://googleads.g.doubleclick.net/pagead/id"}
{"level":"info","message":"request - >> GET https://googleads.g.doubleclick.net/pagead/id?slf_rd=1"}
{"level":"info","message":"response - << 200 https://i.ytimg.com/vi_webp/zIqG42AD4Gw/sddefault.webp"}
{"level":"info","message":"response - << 200 https://static.doubleclick.net/instream/ad_status.js"}
{"level":"info","message":"response - << 200 https://yt3.ggpht.com/ytc/AGIKgqOOgsJ8zPmcb7lrVfn5qcUTk94wNnpukyTp6BvL=s68-c-k-c0x00ffffff-no-rj"}
{"level":"info","message":"response - << 200 https://googleads.g.doubleclick.net/pagead/id?slf_rd=1"}
{"level":"info","message":"request - >> GET https://googleads.g.doubleclick.net/pagead/id"}
{"level":"info","message":"request - >> GET https://static.doubleclick.net/instream/ad_status.js"}
{"level":"info","message":"response - << 200 https://jnn-pa.googleapis.com/$rpc/google.internal.waa.v1.Waa/Create"}
{"level":"info","message":"request - >> POST https://jnn-pa.googleapis.com/$rpc/google.internal.waa.v1.Waa/GenerateIT"}
{"level":"info","message":"response - << 200 https://www.youtube.com/s/player/6ed0d907/player_ias.vflset/en_US/remote.js"}
{"level":"info","message":"response - << 200 https://www.google.com/js/th/kIU7Dnjt7cuOEQgpBtbUVnmdXpyYzgDR0B1Wt-nxWZk.js"}
{"level":"info","message":"response - << 200 https://www.youtube.com/s/player/6ed0d907/player_ias.vflset/en_US/embed.js"}
{"level":"info","message":"request - >> POST https://jnn-pa.googleapis.com/$rpc/google.internal.waa.v1.Waa/Create"}
{"level":"info","message":"request - >> GET https://www.youtube.com/s/player/6ed0d907/player_ias.vflset/en_US/remote.js"}
{"level":"info","message":"request - >> GET https://www.google.com/js/th/kIU7Dnjt7cuOEQgpBtbUVnmdXpyYzgDR0B1Wt-nxWZk.js"}
{"level":"info","message":"request - >> GET https://i.ytimg.com/vi/YEXuGgRCyS0/sd2.jpg?sqp=-oaymwEoCIAFEOAD8quKqQMcGADwAQH4Af4EgAKABYoCDAgAEAEYZSBeKFMwDw==&rs=AOn4CLAcOTWWtaqSNREGom40-YOlJ42Xkg"}
{"level":"info","message":"request - >> GET https://www.youtube.com/s/player/6ed0d907/player_ias.vflset/en_US/embed.js"}
{"level":"info","message":"request - >> GET https://yt3.ggpht.com/ytc/AGIKgqOOgsJ8zPmcb7lrVfn5qcUTk94wNnpukyTp6BvL=s68-c-k-c0x00ffffff-no-rj"}
{"level":"info","message":"response - << 200 https://yt3.ggpht.com/ytc/AGIKgqOOgsJ8zPmcb7lrVfn5qcUTk94wNnpukyTp6BvL=s68-c-k-c0x00ffffff-no-rj"}
{"level":"info","message":"response - << 302 https://googleads.g.doubleclick.net/pagead/id"}
{"level":"info","message":"request - >> GET https://googleads.g.doubleclick.net/pagead/id?slf_rd=1"}
{"level":"info","message":"response - << 200 https://jnn-pa.googleapis.com/$rpc/google.internal.waa.v1.Waa/GenerateIT"}
{"level":"info","message":"response - << 200 https://i.ytimg.com/vi/YEXuGgRCyS0/sd2.jpg?sqp=-oaymwEoCIAFEOAD8quKqQMcGADwAQH4Af4EgAKABYoCDAgAEAEYZSBeKFMwDw==&rs=AOn4CLAcOTWWtaqSNREGom40-YOlJ42Xkg"}
{"level":"info","message":"response - << 200 https://googleads.g.doubleclick.net/pagead/id?slf_rd=1"}
{"level":"info","message":"response - << 200 https://static.doubleclick.net/instream/ad_status.js"}
{"level":"info","message":"request - >> GET https://www.gstatic.com/cv/js/sender/v1/cast_sender.js"}
{"level":"info","message":"response - << 200 https://jnn-pa.googleapis.com/$rpc/google.internal.waa.v1.Waa/Create"}
{"level":"info","message":"request - >> POST https://jnn-pa.googleapis.com/$rpc/google.internal.waa.v1.Waa/GenerateIT"}
{"level":"info","message":"response - << 200 https://www.youtube.com/s/player/6ed0d907/player_ias.vflset/en_US/remote.js"}
{"level":"info","message":"response - << 200 https://www.google.com/js/th/kIU7Dnjt7cuOEQgpBtbUVnmdXpyYzgDR0B1Wt-nxWZk.js"}
{"level":"info","message":"response - << 200 https://www.youtube.com/s/player/6ed0d907/player_ias.vflset/en_US/embed.js"}
{"level":"info","message":"request - >> GET https://www.youtube.com/generate_204?iPjewg"}
{"level":"info","message":"response - << 200 https://www.gstatic.com/cv/js/sender/v1/cast_sender.js"}
{"level":"info","message":"response - << 200 https://jnn-pa.googleapis.com/$rpc/google.internal.waa.v1.Waa/GenerateIT"}
{"level":"info","message":"response - << 204 https://www.youtube.com/generate_204?iPjewg"}
{"level":"info","message":"request - >> GET https://www.gstatic.com/cv/js/sender/v1/cast_sender.js"}
{"level":"info","message":"response - << 200 https://www.gstatic.com/cv/js/sender/v1/cast_sender.js"}
{"level":"info","message":"request - >> GET https://www.youtube.com/generate_204?9gfA7g"}
{"level":"info","message":"response - << 204 https://www.youtube.com/generate_204?9gfA7g"}
{"level":"info","message":"request - >> POST https://www.youtube.com/youtubei/v1/log_event?alt=json&key=AIzaSyAO_FJ2SlqU8Q4STEHLGCilw_Y9_11qcW8"}
{"level":"info","message":"response - << 200 https://www.youtube.com/youtubei/v1/log_event?alt=json&key=AIzaSyAO_FJ2SlqU8Q4STEHLGCilw_Y9_11qcW8"}
{"level":"info","message":"request - >> POST https://www.youtube.com/youtubei/v1/log_event?alt=json&key=AIzaSyAO_FJ2SlqU8Q4STEHLGCilw_Y9_11qcW8"}
{"level":"info","message":"response - << 200 https://www.youtube.com/youtubei/v1/log_event?alt=json&key=AIzaSyAO_FJ2SlqU8Q4STEHLGCilw_Y9_11qcW8"}
{"level":"info","message":"Navigated to the application"}
{"level":"info","message":" Test step"}
